\BOOKMARK [0][-]{chapter*.2}{\376\377\000L\000i\000s\000t\000\040\000o\000f\000\040\000T\000a\000b\000l\000e\000s}{}% 1
\BOOKMARK [0][-]{chapter*.3}{\376\377\000L\000i\000s\000t\000\040\000o\000f\000\040\000F\000i\000g\000u\000r\000e\000s}{}% 2
\BOOKMARK [0][-]{chapter*.4}{\376\377\000A\000b\000s\000t\000r\000a\000c\000t}{}% 3
\BOOKMARK [0][-]{chapter.1}{\376\377\000I\000n\000t\000r\000o\000d\000u\000c\000t\000i\000o\000n}{}% 4
\BOOKMARK [1][-]{section.1.1}{\376\377\000C\000e\000l\000l\000\040\000M\000e\000m\000b\000r\000a\000n\000e\000s\000\040\000a\000n\000d\000\040\000P\000h\000o\000s\000p\000h\000o\000l\000i\000p\000i\000d\000\040\000B\000i\000l\000a\000y\000e\000r\000s}{chapter.1}% 5
\BOOKMARK [2][-]{subsection.1.1.1}{\376\377\000E\000f\000f\000e\000c\000t\000s\000\040\000o\000f\000\040\000I\000o\000n\000s\000\040\000o\000n\000\040\000L\000i\000p\000i\000d\000\040\000B\000i\000l\000a\000y\000e\000r\000\040\000S\000t\000r\000u\000c\000t\000u\000r\000e}{section.1.1}% 6
\BOOKMARK [1][-]{section.1.2}{\376\377\000M\000o\000l\000e\000c\000u\000l\000a\000r\000\040\000S\000i\000m\000u\000l\000a\000t\000i\000o\000n\000s}{chapter.1}% 7
\BOOKMARK [2][-]{subsection.1.2.1}{\376\377\000C\000l\000a\000s\000s\000i\000c\000a\000l\000\040\000M\000o\000l\000e\000c\000u\000l\000a\000r\000\040\000D\000y\000n\000a\000m\000i\000c\000s}{section.1.2}% 8
\BOOKMARK [2][-]{subsection.1.2.2}{\376\377\000M\000i\000x\000i\000n\000g\000\040\000R\000u\000l\000e\000s\000,\000\040\000a\000n\000d\000\040\000N\000B\000-\000f\000i\000x}{section.1.2}% 9
\BOOKMARK [2][-]{subsection.1.2.3}{\376\377\000A\000b\000\040\000i\000n\000i\000t\000i\000o\000\040\000C\000a\000l\000c\000u\000l\000a\000t\000i\000o\000n\000s\000\040\000a\000n\000d\000\040\000D\000e\000n\000s\000i\000t\000y\000\040\000F\000u\000n\000c\000t\000i\000o\000n\000a\000l\000\040\000T\000h\000e\000o\000r\000y}{section.1.2}% 10
\BOOKMARK [1][-]{section.1.3}{\376\377\000C\000o\000m\000p\000a\000r\000i\000n\000g\000\040\000M\000o\000l\000e\000c\000u\000l\000a\000r\000\040\000S\000i\000m\000u\000l\000a\000t\000i\000o\000n\000s\000\040\000w\000i\000t\000h\000\040\000E\000x\000p\000e\000r\000i\000m\000e\000n\000t\000a\000l\000\040\000R\000e\000s\000u\000l\000t\000s}{chapter.1}% 11
\BOOKMARK [2][-]{subsection.1.3.1}{\376\377\000B\000i\000l\000a\000y\000e\000r\000\040\000S\000t\000r\000u\000c\000t\000u\000r\000a\000l\000\040\000P\000a\000r\000a\000m\000e\000t\000e\000r\000s}{section.1.3}% 12
\BOOKMARK [2][-]{subsection.1.3.2}{\376\377\000D\000e\000u\000t\000e\000r\000i\000u\000m\000\040\000O\000r\000d\000e\000r\000\040\000P\000a\000r\000a\000m\000e\000t\000e\000r\000s}{section.1.3}% 13
\BOOKMARK [0][-]{chapter.2}{\376\377\000A\000\040\000H\000i\000g\000h\000\040\000D\000i\000m\000e\000n\000s\000i\000o\000n\000a\000l\000\040\000P\000a\000r\000a\000m\000e\000t\000e\000r\000\040\000S\000e\000a\000r\000c\000h\000\040\000M\000e\000t\000h\000o\000d\000\040\000t\000o\000.\000.\000.}{}% 14
\BOOKMARK [1][-]{section.2.1}{\376\377\000A\000b\000s\000t\000r\000a\000c\000t}{chapter.2}% 15
\BOOKMARK [1][-]{section.2.2}{\376\377\000I\000n\000t\000r\000o\000d\000u\000c\000t\000i\000o\000n}{chapter.2}% 16
\BOOKMARK [1][-]{section.2.3}{\376\377\000M\000e\000t\000h\000o\000d\000s}{chapter.2}% 17
\BOOKMARK [2][-]{subsection.2.3.1}{\376\377\000Q\000u\000a\000n\000t\000u\000m\000\040\000M\000e\000c\000h\000a\000n\000i\000c\000a\000l\000\040\000C\000a\000l\000c\000u\000l\000a\000t\000i\000o\000n\000s}{section.2.3}% 18
\BOOKMARK [2][-]{subsection.2.3.2}{\376\377\000P\000a\000r\000a\000m\000e\000t\000e\000r\000\040\000O\000p\000t\000i\000m\000i\000z\000a\000t\000i\000o\000n}{section.2.3}% 19
\BOOKMARK [2][-]{subsection.2.3.3}{\376\377\000B\000i\000l\000a\000y\000e\000r\000\040\000C\000o\000n\000s\000t\000r\000u\000c\000t\000i\000o\000n}{section.2.3}% 20
\BOOKMARK [2][-]{subsection.2.3.4}{\376\377\000M\000o\000l\000e\000c\000u\000l\000a\000r\000\040\000D\000y\000n\000a\000m\000i\000c\000s}{section.2.3}% 21
\BOOKMARK [1][-]{section.2.4}{\376\377\000R\000e\000s\000u\000l\000t\000s\000\040\000a\000n\000d\000\040\000D\000i\000s\000c\000u\000s\000s\000i\000o\000n}{chapter.2}% 22
\BOOKMARK [2][-]{subsection.2.4.1}{\376\377\000O\000p\000t\000i\000m\000i\000z\000e\000d\000\040\000C\000r\000o\000s\000s\000-\000T\000e\000r\000m\000s}{section.2.4}% 23
\BOOKMARK [2][-]{subsection.2.4.2}{\376\377\000V\000a\000l\000i\000d\000a\000t\000i\000o\000n\000\040\000o\000f\000\040\000P\000a\000r\000a\000m\000e\000t\000e\000r\000s}{section.2.4}% 24
\BOOKMARK [2][-]{subsection.2.4.3}{\376\377\000M\000e\000m\000b\000r\000a\000n\000e\000-\000S\000a\000l\000t\000\040\000I\000n\000t\000e\000r\000a\000c\000t\000i\000o\000n\000s}{section.2.4}% 25
\BOOKMARK [2][-]{subsection.2.4.4}{\376\377\000W\000a\000t\000e\000r\000\040\000S\000t\000r\000u\000c\000t\000u\000r\000e\000\040\000a\000n\000d\000\040\000D\000y\000n\000a\000m\000i\000c\000s}{section.2.4}% 26
\BOOKMARK [2][-]{subsection.2.4.5}{\376\377\000B\000i\000l\000a\000y\000e\000r\000\040\000E\000l\000e\000c\000t\000r\000o\000s\000t\000a\000t\000i\000c\000s}{section.2.4}% 27
\BOOKMARK [1][-]{section.2.5}{\376\377\000C\000o\000n\000c\000l\000u\000s\000i\000o\000n\000s}{chapter.2}% 28
\BOOKMARK [0][-]{chapter.3}{\376\377\000A\000d\000s\000o\000r\000p\000t\000i\000o\000n\000\040\000M\000o\000d\000e\000s\000\040\000o\000f\000\040\000N\000a\000+\000,\000\040\000L\000i\000+\000,\000\040\000a\000n\000d\000\040\000m\000g\000.\000.\000.}{}% 29
\BOOKMARK [1][-]{section.3.1}{\376\377\000A\000b\000s\000t\000r\000a\000c\000t}{chapter.3}% 30
\BOOKMARK [1][-]{section.3.2}{\376\377\000I\000n\000t\000r\000o\000d\000u\000c\000t\000i\000o\000n}{chapter.3}% 31
\BOOKMARK [1][-]{section.3.3}{\376\377\000M\000e\000t\000h\000o\000d\000s}{chapter.3}% 32
\BOOKMARK [2][-]{subsection.3.3.1}{\376\377\000B\000i\000l\000a\000y\000e\000r\000\040\000C\000o\000n\000s\000t\000r\000u\000c\000t\000i\000o\000n}{section.3.3}% 33
\BOOKMARK [2][-]{subsection.3.3.2}{\376\377\000M\000o\000l\000e\000c\000u\000l\000a\000r\000\040\000D\000y\000n\000a\000m\000i\000c\000s}{section.3.3}% 34
\BOOKMARK [2][-]{subsection.3.3.3}{\376\377\000F\000o\000r\000c\000e\000-\000f\000i\000e\000l\000d\000\040\000P\000a\000r\000a\000m\000e\000t\000e\000r\000s}{section.3.3}% 35
\BOOKMARK [1][-]{section.3.4}{\376\377\000R\000e\000s\000u\000l\000t\000s\000\040\000a\000n\000d\000\040\000D\000i\000s\000c\000u\000s\000s\000i\000o\000n}{chapter.3}% 36
\BOOKMARK [2][-]{subsection.3.4.1}{\376\377\000B\000i\000l\000a\000y\000e\000r\000\040\000S\000i\000m\000u\000l\000a\000t\000i\000o\000n\000s\000\040\000o\000f\000\040\000L\000i\000+\000\040\000a\000n\000d\000\040\000m\000g}{section.3.4}% 37
\BOOKMARK [1][-]{section.3.5}{\376\377\000S\000p\000e\000c\000i\000f\000i\000c\000\040\000I\000o\000n\000\040\000A\000d\000s\000o\000r\000p\000t\000i\000o\000n}{chapter.3}% 38
\BOOKMARK [2][-]{subsection.3.5.1}{\376\377\000B\000u\000l\000k\000\040\000I\000o\000n\000s}{section.3.5}% 39
\BOOKMARK [2][-]{subsection.3.5.2}{\376\377\000A\000d\000s\000o\000r\000b\000e\000d\000\040\000I\000o\000n\000s}{section.3.5}% 40
\BOOKMARK [1][-]{section.3.6}{\376\377\000C\000o\000n\000c\000l\000u\000s\000i\000o\000n\000s}{chapter.3}% 41
\BOOKMARK [0][-]{chapter.4}{\376\377\000A\000l\000t\000e\000r\000a\000t\000i\000o\000n\000\040\000o\000f\000\040\000B\000i\000l\000a\000y\000e\000r\000\040\000S\000t\000r\000u\000c\000t\000u\000r\000e\000\040\000b\000y\000\040\000m\000g}{}% 42
\BOOKMARK [1][-]{section.4.1}{\376\377\000A\000b\000s\000t\000r\000a\000c\000t}{chapter.4}% 43
\BOOKMARK [1][-]{section.4.2}{\376\377\000I\000n\000t\000r\000o\000d\000u\000c\000t\000i\000o\000n}{chapter.4}% 44
\BOOKMARK [1][-]{section.4.3}{\376\377\000M\000e\000t\000h\000o\000d\000s}{chapter.4}% 45
\BOOKMARK [2][-]{subsection.4.3.1}{\376\377\000m\000g\000\040\000M\000o\000d\000e\000l\000\040\000P\000a\000r\000a\000m\000e\000t\000e\000r\000s}{section.4.3}% 46
\BOOKMARK [2][-]{subsection.4.3.2}{\376\377\000B\000i\000l\000a\000y\000e\000r\000\040\000C\000o\000n\000s\000t\000r\000u\000c\000t\000i\000o\000n}{section.4.3}% 47
\BOOKMARK [2][-]{subsection.4.3.3}{\376\377\000M\000o\000l\000e\000c\000u\000l\000a\000r\000\040\000D\000y\000n\000a\000m\000i\000c\000s}{section.4.3}% 48
\BOOKMARK [1][-]{section.4.4}{\376\377\000R\000e\000s\000u\000l\000t\000s\000\040\000a\000n\000d\000\040\000D\000i\000s\000c\000u\000s\000s\000i\000o\000n}{chapter.4}% 49
\BOOKMARK [2][-]{subsection.4.4.1}{\376\377\000W\000a\000t\000e\000r\000\040\000s\000t\000r\000u\000c\000t\000u\000r\000e\000,\000\040\000a\000n\000d\000\040\000h\000y\000d\000r\000a\000t\000i\000o\000n\000\040\000b\000o\000u\000n\000d\000a\000r\000i\000e\000s}{section.4.4}% 50
\BOOKMARK [1][-]{section.4.5}{\376\377\000m\000g\000A\000d\000s\000o\000r\000p\000t\000i\000o\000n\000\040\000B\000e\000h\000a\000v\000i\000o\000r}{chapter.4}% 51
\BOOKMARK [1][-]{section.4.6}{\376\377\000B\000i\000l\000a\000y\000e\000r\000\040\000S\000t\000r\000u\000c\000t\000u\000r\000e}{chapter.4}% 52
\BOOKMARK [2][-]{subsection.4.6.1}{\376\377\000A\000c\000y\000l\000-\000C\000h\000a\000i\000n\000\040\000o\000r\000d\000e\000r\000\040\000p\000a\000r\000a\000m\000e\000t\000e\000r\000s}{section.4.6}% 53
\BOOKMARK [1][-]{section.4.7}{\376\377\000C\000o\000n\000c\000l\000u\000s\000i\000o\000n\000s}{chapter.4}% 54
\BOOKMARK [0][-]{chapter.5}{\376\377\000C\000o\000n\000c\000l\000u\000s\000i\000o\000n\000s}{}% 55
\BOOKMARK [0][-]{chapter*.55}{\376\377\000R\000e\000f\000e\000r\000e\000n\000c\000e\000s}{}% 56
\BOOKMARK [0][-]{appendix.A}{\376\377\000A\000p\000p\000e\000n\000d\000i\000c\000e\000s}{}% 57
\BOOKMARK [1][-]{section.A.1}{\376\377\000C\000o\000p\000y\000r\000i\000g\000h\000t\000\040\000I\000n\000f\000o\000r\000m\000a\000t\000i\000o\000n\000\040\000a\000n\000d\000\040\000A\000u\000t\000h\000o\000r\000\040\000C\000o\000n\000t\000r\000i\000b\000u\000t\000i\000o\000n\000s}{appendix.A}% 58
\BOOKMARK [2][-]{subsection.A.1.1}{\376\377\000M\000a\000t\000t\000h\000e\000w\000\040\000S\000a\000u\000n\000d\000e\000r\000s\000,\000\040\000V\000e\000r\000e\000d\000\040\000W\000i\000n\000e\000m\000a\000n\000-\000F\000i\000s\000h\000e\000r\000,\000\040\000a\000n\000d\000\040\000E\000r\000i\000c\000\040\000J\000a\000k\000o\000b\000s\000s\000o\000n\000,\000\040\000H\000i\000g\000h\000-\000D\000i\000m\000e\000n\000s\000i\000o\000n\000a\000l\000\040\000P\000a\000r\000a\000m\000e\000t\000e\000r\000\040\000S\000e\000a\000r\000c\000h\000\040\000M\000e\000t\000h\000o\000d\000\040\000t\000o\000\040\000D\000e\000t\000e\000r\000m\000i\000n\000e\000\040\000F\000o\000r\000c\000e\000\040\000F\000i\000e\000l\000d\000\040\000M\000i\000x\000i\000n\000g\000\040\000T\000e\000r\000m\000s\000\040\000i\000n\000\040\000M\000o\000l\000e\000c\000u\000l\000a\000r\000\040\000S\000i\000m\000u\000l\000a\000t\000i\000o\000n\000s\000,\000\040\000L\000a\000n\000g\000m\000u\000i\000r\000,\000\040\000A\000m\000e\000r\000i\000c\000a\000n\000\040\000C\000h\000e\000m\000i\000c\000a\000l\000\040\000S\000o\000c\000i\000e\000t\000y\000,\000\040\000M\000a\000r\000c\000h\000\040\0001\000,\000\040\0002\0000\0002\0002}{section.A.1}% 59
\BOOKMARK [2][-]{subsection.A.1.2}{\376\377\000M\000a\000t\000t\000h\000e\000w\000\040\000S\000a\000u\000n\000d\000e\000r\000s\000,\000\040\000A\000b\000i\000b\000a\000t\000\040\000A\000d\000e\000k\000e\000y\000e\000-\000O\000l\000o\000w\000o\000f\000e\000l\000a\000,\000\040\000a\000n\000d\000\040\000S\000a\000b\000r\000i\000n\000a\000\040\000D\000o\000w\000n\000i\000n\000g\000,\000\040\000A\000d\000s\000o\000r\000p\000t\000i\000o\000n\000\040\000M\000o\000d\000e\000s\000\040\000o\000f\000\040\000N\000a\000+\000,\000\040\000L\000i\000+\000,\000\040\000a\000n\000d\000\040\000M\000g\0002\000+\000\040\000t\000o\000\040\000a\000\040\000M\000o\000d\000e\000l\000\040\000Z\000w\000i\000t\000t\000e\000r\000i\000o\000n\000i\000c\000\040\000L\000i\000p\000i\000d\000\040\000B\000i\000l\000a\000y\000e\000r\000,\000\040\000L\000a\000n\000g\000m\000u\000i\000r\000,\000\040\000A\000m\000e\000r\000i\000c\000a\000n\000\040\000C\000h\000e\000m\000i\000c\000a\000l\000\040\000S\000o\000c\000i\000e\000t\000y\000,\000\040\000D\000e\000c\000e\000m\000b\000e\000r\000\040\0001\000,\000\040\0002\0000\0002\0004}{section.A.1}% 60
\BOOKMARK [2][-]{subsection.A.1.3}{\376\377\000M\000a\000t\000t\000h\000e\000w\000\040\000S\000a\000u\000n\000d\000e\000r\000s\000;\000\040\000S\000a\000g\000a\000r\000\040\000A\000.\000\040\000P\000a\000n\000d\000i\000t\000;\000\040\000S\000a\000m\000e\000e\000r\000\040\000V\000a\000r\000m\000a\000.\000\040\000A\000l\000t\000e\000r\000a\000t\000i\000o\000n\000\040\000o\000f\000\040\000L\000i\000p\000i\000d\000\040\000B\000i\000l\000a\000y\000e\000r\000\040\000S\000t\000r\000u\000c\000t\000u\000r\000e\000\040\000b\000y\000\040\000M\000g\0002\000+\000.\000\040\000L\000a\000n\000g\000m\000u\000i\000r\000,\000\040\000A\000m\000e\000r\000i\000c\000a\000n\000\040\000C\000h\000e\000m\000i\000c\000a\000l\000\040\000S\000o\000c\000i\000e\000t\000y\000,\000\040\000m\000a\000n\000u\000s\000c\000r\000i\000p\000t\000\040\000i\000n\000\040\000r\000e\000v\000i\000e\000w\000,\000\040\0002\0000\0002\0005\000.}{section.A.1}% 61
