This is pdfTeX, Version 3.141592653-2.6-1.40.25 (TeX Live 2023/Homebrew) (preloaded format=latex 2023.9.21)  13 NOV 2024 14:26
entering extended mode
 restricted \write18 enabled.
 %&-line parsing enabled.
**paper_rev2.tex.tex -interaction=batchmode
(/usr/local/Cellar/texlive/20230313_2/share/texmf-dist/tex/latex/tools/r.tex
LaTeX2e <2022-11-01> patch level 1
L3 programming layer <2023-02-22> File ignored
)

! LaTeX Error: Missing \begin{document}.

See the LaTeX manual or LaTeX Companion for explanation.
Type  H <return>  for immediate help.
 ...                                              
                                                  
<*> paper_rev2.tex.tex -
                        interaction=batchmode
You're in trouble here.  Try typing  <return>  to proceed.
If that doesn't work, type  X <return>  to quit.

Missing character: There is no - in font nullfont!
Missing character: There is no i in font nullfont!
Missing character: There is no n in font nullfont!
Missing character: There is no t in font nullfont!
Missing character: There is no e in font nullfont!
Missing character: There is no r in font nullfont!
Missing character: There is no a in font nullfont!
Missing character: There is no c in font nullfont!
Missing character: There is no t in font nullfont!
Missing character: There is no i in font nullfont!
Missing character: There is no o in font nullfont!
Missing character: There is no n in font nullfont!
Missing character: There is no = in font nullfont!
Missing character: There is no b in font nullfont!
Missing character: There is no a in font nullfont!
Missing character: There is no t in font nullfont!
Missing character: There is no c in font nullfont!
Missing character: There is no h in font nullfont!
Missing character: There is no m in font nullfont!
Missing character: There is no o in font nullfont!
Missing character: There is no d in font nullfont!
Missing character: There is no e in font nullfont!
! Emergency stop.
<*> paper_rev2.tex.tex -interaction=batchmode
                                             
*** (job aborted, no legal \end found)

 
Here is how much of TeX's memory you used:
 18 strings out of 476026
 590 string characters out of 5780559
 1849385 words of memory out of 5000000
 20569 multiletter control sequences out of 15000+600000
 512287 words of font info for 32 fonts, out of 8000000 for 9000
 1141 hyphenation exceptions out of 8191
 13i,0n,12p,121b,14s stack positions out of 10000i,1000n,20000p,200000b,200000s
No pages of output.
